0 info it worked if it ends with ok
1 verbose cli [ '/Users/francisco.delacasa/.nvm/versions/node/v5.0.0/bin/node',
1 verbose cli   '/Users/francisco.delacasa/.nvm/versions/node/v5.0.0/bin/npm',
1 verbose cli   'run',
1 verbose cli   'start-dev' ]
2 info using npm@3.7.1
3 info using node@v5.0.0
4 verbose run-script [ 'prestart-dev', 'start-dev', 'poststart-dev' ]
5 info lifecycle js-training-practice@0.0.0~prestart-dev: js-training-practice@0.0.0
6 silly lifecycle js-training-practice@0.0.0~prestart-dev: no script for prestart-dev, continuing
7 info lifecycle js-training-practice@0.0.0~start-dev: js-training-practice@0.0.0
8 verbose lifecycle js-training-practice@0.0.0~start-dev: unsafe-perm in lifecycle true
9 verbose lifecycle js-training-practice@0.0.0~start-dev: PATH: /Users/francisco.delacasa/.nvm/versions/node/v5.0.0/lib/node_modules/npm/bin/node-gyp-bin:/Users/francisco.delacasa/GitProjects/js-training-practice/node_modules/.bin:/Users/francisco.delacasa/.nvm/versions/node/v5.0.0/bin:/Users/francisco.delacasa/.nvm/versions/node/v5.0.0/bin:/usr/bin:/bin:/usr/sbin:/sbin:/usr/local/bin:/Users/francisco.delacasa/Documents/gradle-2.7/bin
10 verbose lifecycle js-training-practice@0.0.0~start-dev: CWD: /Users/francisco.delacasa/GitProjects/js-training-practice
11 silly lifecycle js-training-practice@0.0.0~start-dev: Args: [ '-c',
11 silly lifecycle   'webpack-dev-server --devtool eval --progress --colors' ]
12 silly lifecycle js-training-practice@0.0.0~start-dev: Returned: code: 1  signal: null
13 info lifecycle js-training-practice@0.0.0~start-dev: Failed to exec start-dev script
14 verbose stack Error: js-training-practice@0.0.0 start-dev: `webpack-dev-server --devtool eval --progress --colors`
14 verbose stack Exit status 1
14 verbose stack     at EventEmitter.<anonymous> (/Users/francisco.delacasa/.nvm/versions/node/v5.0.0/lib/node_modules/npm/lib/utils/lifecycle.js:239:16)
14 verbose stack     at emitTwo (events.js:87:13)
14 verbose stack     at EventEmitter.emit (events.js:172:7)
14 verbose stack     at ChildProcess.<anonymous> (/Users/francisco.delacasa/.nvm/versions/node/v5.0.0/lib/node_modules/npm/lib/utils/spawn.js:24:14)
14 verbose stack     at emitTwo (events.js:87:13)
14 verbose stack     at ChildProcess.emit (events.js:172:7)
14 verbose stack     at maybeClose (internal/child_process.js:818:16)
14 verbose stack     at Process.ChildProcess._handle.onexit (internal/child_process.js:211:5)
15 verbose pkgid js-training-practice@0.0.0
16 verbose cwd /Users/francisco.delacasa/GitProjects/js-training-practice
17 error Darwin 15.3.0
18 error argv "/Users/francisco.delacasa/.nvm/versions/node/v5.0.0/bin/node" "/Users/francisco.delacasa/.nvm/versions/node/v5.0.0/bin/npm" "run" "start-dev"
19 error node v5.0.0
20 error npm  v3.7.1
21 error code ELIFECYCLE
22 error js-training-practice@0.0.0 start-dev: `webpack-dev-server --devtool eval --progress --colors`
22 error Exit status 1
23 error Failed at the js-training-practice@0.0.0 start-dev script 'webpack-dev-server --devtool eval --progress --colors'.
23 error Make sure you have the latest version of node.js and npm installed.
23 error If you do, this is most likely a problem with the js-training-practice package,
23 error not with npm itself.
23 error Tell the author that this fails on your system:
23 error     webpack-dev-server --devtool eval --progress --colors
23 error You can get information on how to open an issue for this project with:
23 error     npm bugs js-training-practice
23 error Or if that isn't available, you can get their info via:
23 error     npm owner ls js-training-practice
23 error There is likely additional logging output above.
24 verbose exit [ 1, true ]
