0 info it worked if it ends with ok
1 verbose cli [ '/Users/alex.leanez/.nvm/versions/node/v4.6.2/bin/node',
1 verbose cli   '/Users/alex.leanez/.nvm/versions/node/v4.6.2/bin/npm',
1 verbose cli   'run',
1 verbose cli   'start-dev' ]
2 info using npm@4.0.3
3 info using node@v4.6.2
4 verbose stack Error: missing script: start-dev
4 verbose stack     at run (/Users/alex.leanez/.nvm/versions/node/v4.6.2/lib/node_modules/npm/lib/run-script.js:151:19)
4 verbose stack     at /Users/alex.leanez/.nvm/versions/node/v4.6.2/lib/node_modules/npm/lib/run-script.js:61:5
4 verbose stack     at /Users/alex.leanez/.nvm/versions/node/v4.6.2/lib/node_modules/npm/node_modules/read-package-json/read-json.js:356:5
4 verbose stack     at checkBinReferences_ (/Users/alex.leanez/.nvm/versions/node/v4.6.2/lib/node_modules/npm/node_modules/read-package-json/read-json.js:320:45)
4 verbose stack     at final (/Users/alex.leanez/.nvm/versions/node/v4.6.2/lib/node_modules/npm/node_modules/read-package-json/read-json.js:354:3)
4 verbose stack     at then (/Users/alex.leanez/.nvm/versions/node/v4.6.2/lib/node_modules/npm/node_modules/read-package-json/read-json.js:124:5)
4 verbose stack     at /Users/alex.leanez/.nvm/versions/node/v4.6.2/lib/node_modules/npm/node_modules/read-package-json/read-json.js:311:12
4 verbose stack     at /Users/alex.leanez/.nvm/versions/node/v4.6.2/lib/node_modules/npm/node_modules/graceful-fs/graceful-fs.js:78:16
4 verbose stack     at FSReqWrap.readFileAfterClose [as oncomplete] (fs.js:380:3)
5 verbose cwd /Users/alex.leanez/projects/js-training-practice/src
6 error Darwin 16.3.0
7 error argv "/Users/alex.leanez/.nvm/versions/node/v4.6.2/bin/node" "/Users/alex.leanez/.nvm/versions/node/v4.6.2/bin/npm" "run" "start-dev"
8 error node v4.6.2
9 error npm  v4.0.3
10 error missing script: start-dev
11 error If you need help, you may report this error at:
11 error     <https://github.com/npm/npm/issues>
12 verbose exit [ 1, true ]
